This file contains any messages produced by compilers while
running configure, to aid debugging if configure makes a mistake.

It was created by SoX configure 14.4.2, which was
generated by GNU Autoconf 2.69.  Invocation command line was

  $ ./configure --host aarch64-linux-android

## --------- ##
## Platform. ##
## --------- ##

hostname = Sergeys-iMac.local
uname -m = x86_64
uname -r = 19.6.0
uname -s = Darwin
uname -v = Darwin Kernel Version 19.6.0: Mon Aug 31 22:12:52 PDT 2020; root:xnu-6153.141.2~1/RELEASE_X86_64

/usr/bin/uname -p = i386
/bin/uname -X     = unknown

/bin/arch              = unknown
/usr/bin/arch -k       = unknown
/usr/convex/getsysinfo = unknown
/usr/bin/hostinfo      = Mach kernel version:
	 Darwin Kernel Version 19.6.0: Mon Aug 31 22:12:52 PDT 2020; root:xnu-6153.141.2~1/RELEASE_X86_64
Kernel configured for up to 4 processors.
4 processors are physically available.
4 processors are logically available.
Processor type: x86_64h (Intel x86-64h Haswell)
Processors active: 0 1 2 3
Primary memory available: 16.00 gigabytes
Default processor set: 457 tasks, 2356 threads, 4 processors
Load average: 1.96, Mach factor: 2.03
/bin/machine           = unknown
/usr/bin/oslevel       = unknown
/bin/universe          = unknown

PATH: /Users/lerg/Library/Android/sdk/ndk/21.3.6528147
PATH: /Users/lerg/Library/Android/sdk/platform-tools
PATH: /usr/local/bin
PATH: /usr/bin
PATH: /bin
PATH: /usr/sbin
PATH: /sbin
PATH: /usr/local/share/dotnet
PATH: ~/.dotnet/tools
PATH: /Library/Apple/usr/bin
PATH: /Library/Frameworks/Mono.framework/Versions/Current/Commands


## ----------- ##
## Core tests. ##
## ----------- ##

configure:2609: checking build system type
configure:2623: result: x86_64-apple-darwin19.6.0
configure:2643: checking host system type
configure:2656: result: aarch64-unknown-linux-android
configure:2676: checking target system type
configure:2689: result: aarch64-unknown-linux-android
configure:2732: checking for a BSD-compatible install
configure:2800: result: /usr/bin/install -c
configure:2811: checking whether build environment is sane
configure:2866: result: yes
configure:2925: checking for aarch64-linux-android-strip
configure:2952: result: /Users/lerg/ext/android-ndk-r18b/toolchains/aarch64-linux-android-4.9/prebuilt/darwin-x86_64/bin/aarch64-linux-android-strip
configure:3017: checking for a thread-safe mkdir -p
configure:3056: result: ./install-sh -c -d
configure:3063: checking for gawk
configure:3093: result: no
configure:3063: checking for mawk
configure:3093: result: no
configure:3063: checking for nawk
configure:3093: result: no
configure:3063: checking for awk
configure:3079: found /usr/bin/awk
configure:3090: result: awk
configure:3101: checking whether make sets $(MAKE)
configure:3123: result: yes
configure:3152: checking whether make supports nested variables
configure:3169: result: yes
configure:3305: checking whether make supports nested variables
configure:3322: result: yes
configure:3347: checking for aarch64-linux-android-gcc
configure:3374: result: /Users/lerg/ext/android-ndk-r18b/toolchains/aarch64-linux-android-4.9/prebuilt/darwin-x86_64/bin/aarch64-linux-android-gcc
configure:3643: checking for C compiler version
configure:3652: /Users/lerg/ext/android-ndk-r18b/toolchains/aarch64-linux-android-4.9/prebuilt/darwin-x86_64/bin/aarch64-linux-android-gcc --version >&5
Android (4751641 based on r328903) clang version 7.0.2 (https://android.googlesource.com/toolchain/clang 003100370607242ddd5815e4a043907ea9004281) (https://android.googlesource.com/toolchain/llvm 1d739ffb0366421d383e04ff80ec2ee591315116) (based on LLVM 7.0.2svn)
Target: aarch64--linux-android
Thread model: posix
InstalledDir: /Users/lerg/ext/android-ndk-r18b/toolchains/aarch64-linux-android-4.9/prebuilt/darwin-x86_64/bin/../../../../llvm/prebuilt/darwin-x86_64/bin
configure:3663: $? = 0
configure:3652: /Users/lerg/ext/android-ndk-r18b/toolchains/aarch64-linux-android-4.9/prebuilt/darwin-x86_64/bin/aarch64-linux-android-gcc -v >&5
Android (4751641 based on r328903) clang version 7.0.2 (https://android.googlesource.com/toolchain/clang 003100370607242ddd5815e4a043907ea9004281) (https://android.googlesource.com/toolchain/llvm 1d739ffb0366421d383e04ff80ec2ee591315116) (based on LLVM 7.0.2svn)
Target: aarch64--linux-android
Thread model: posix
InstalledDir: /Users/lerg/ext/android-ndk-r18b/toolchains/aarch64-linux-android-4.9/prebuilt/darwin-x86_64/bin/../../../../llvm/prebuilt/darwin-x86_64/bin
configure:3663: $? = 0
configure:3652: /Users/lerg/ext/android-ndk-r18b/toolchains/aarch64-linux-android-4.9/prebuilt/darwin-x86_64/bin/aarch64-linux-android-gcc -V >&5
clang: error: argument to '-V' is missing (expected 1 value)
clang: error: no input files
configure:3663: $? = 1
configure:3652: /Users/lerg/ext/android-ndk-r18b/toolchains/aarch64-linux-android-4.9/prebuilt/darwin-x86_64/bin/aarch64-linux-android-gcc -qversion >&5
clang: error: unknown argument '-qversion', did you mean '--version'?
clang: error: no input files
configure:3663: $? = 1
configure:3683: checking whether the C compiler works
configure:3705: /Users/lerg/ext/android-ndk-r18b/toolchains/aarch64-linux-android-4.9/prebuilt/darwin-x86_64/bin/aarch64-linux-android-gcc -fPIC -DANDROID -ffunction-sections -funwind-tables -fstack-protector -fomit-frame-pointer -fstrict-aliasing -DANDROID  conftest.c  >&5
ld: unknown option: --fix-cortex-a53-843419
clang: error: linker command failed with exit code 1 (use -v to see invocation)
configure:3709: $? = 1
configure:3747: result: no
configure: failed program was:
| /* confdefs.h */
| #define PACKAGE_NAME "SoX"
| #define PACKAGE_TARNAME "sox"
| #define PACKAGE_VERSION "14.4.2"
| #define PACKAGE_STRING "SoX 14.4.2"
| #define PACKAGE_BUGREPORT "sox-devel@lists.sourceforge.net"
| #define PACKAGE_URL ""
| #define PACKAGE "sox"
| #define VERSION "14.4.2"
| /* end confdefs.h.  */
| 
| int
| main ()
| {
| 
|   ;
|   return 0;
| }
configure:3752: error: in `/Users/lerg/ext/code/plugins-sox/lib/sox-14.4.2-android':
configure:3754: error: C compiler cannot create executables
See `config.log' for more details

## ---------------- ##
## Cache variables. ##
## ---------------- ##

ac_cv_build=x86_64-apple-darwin19.6.0
ac_cv_env_CC_set=set
ac_cv_env_CC_value=/Users/lerg/ext/android-ndk-r18b/toolchains/aarch64-linux-android-4.9/prebuilt/darwin-x86_64/bin/aarch64-linux-android-gcc
ac_cv_env_CFLAGS_set=set
ac_cv_env_CFLAGS_value='-fPIC -DANDROID -ffunction-sections -funwind-tables -fstack-protector -fomit-frame-pointer -fstrict-aliasing'
ac_cv_env_CPPFLAGS_set=set
ac_cv_env_CPPFLAGS_value=-DANDROID
ac_cv_env_CPP_set=set
ac_cv_env_CPP_value=/Users/lerg/ext/android-ndk-r18b/toolchains/aarch64-linux-android-4.9/prebuilt/darwin-x86_64/bin/aarch64-linux-android-cpp
ac_cv_env_LDFLAGS_set=
ac_cv_env_LDFLAGS_value=
ac_cv_env_LIBS_set=
ac_cv_env_LIBS_value=
ac_cv_env_OPUS_CFLAGS_set=
ac_cv_env_OPUS_CFLAGS_value=
ac_cv_env_OPUS_LIBS_set=
ac_cv_env_OPUS_LIBS_value=
ac_cv_env_PKG_CONFIG_LIBDIR_set=
ac_cv_env_PKG_CONFIG_LIBDIR_value=
ac_cv_env_PKG_CONFIG_PATH_set=
ac_cv_env_PKG_CONFIG_PATH_value=
ac_cv_env_PKG_CONFIG_set=
ac_cv_env_PKG_CONFIG_value=
ac_cv_env_SNDFILE_CFLAGS_set=
ac_cv_env_SNDFILE_CFLAGS_value=
ac_cv_env_SNDFILE_LIBS_set=
ac_cv_env_SNDFILE_LIBS_value=
ac_cv_env_build_alias_set=
ac_cv_env_build_alias_value=
ac_cv_env_host_alias_set=set
ac_cv_env_host_alias_value=aarch64-linux-android
ac_cv_env_target_alias_set=
ac_cv_env_target_alias_value=
ac_cv_host=aarch64-unknown-linux-android
ac_cv_path_install='/usr/bin/install -c'
ac_cv_prog_AWK=awk
ac_cv_prog_CC=/Users/lerg/ext/android-ndk-r18b/toolchains/aarch64-linux-android-4.9/prebuilt/darwin-x86_64/bin/aarch64-linux-android-gcc
ac_cv_prog_STRIP=/Users/lerg/ext/android-ndk-r18b/toolchains/aarch64-linux-android-4.9/prebuilt/darwin-x86_64/bin/aarch64-linux-android-strip
ac_cv_prog_make_make_set=yes
ac_cv_target=aarch64-unknown-linux-android
am_cv_make_support_nested_variables=yes

## ----------------- ##
## Output variables. ##
## ----------------- ##

ACLOCAL='${SHELL} /Users/lerg/ext/code/plugins-sox/lib/sox-14.4.2-android/missing aclocal-1.14'
ALSA_CFLAGS=''
ALSA_LIBS=''
AMDEPBACKSLASH=''
AMDEP_FALSE=''
AMDEP_TRUE=''
AMRNB_CFLAGS=''
AMRNB_LIBS=''
AMRWB_CFLAGS=''
AMRWB_LIBS=''
AMTAR='$${TAR-tar}'
AM_BACKSLASH='\'
AM_DEFAULT_V='$(AM_DEFAULT_VERBOSITY)'
AM_DEFAULT_VERBOSITY='0'
AM_V='$(V)'
AO_CFLAGS=''
AO_LIBS=''
APP_LDFLAGS=''
AR='/Users/lerg/ext/android-ndk-r18b/toolchains/aarch64-linux-android-4.9/prebuilt/darwin-x86_64/bin/aarch64-linux-android-ar'
AS='/Users/lerg/ext/android-ndk-r18b/toolchains/aarch64-linux-android-4.9/prebuilt/darwin-x86_64/bin/aarch64-linux-android-as'
AUTOCONF='${SHELL} /Users/lerg/ext/code/plugins-sox/lib/sox-14.4.2-android/missing autoconf'
AUTOHEADER='${SHELL} /Users/lerg/ext/code/plugins-sox/lib/sox-14.4.2-android/missing autoheader'
AUTOMAKE='${SHELL} /Users/lerg/ext/code/plugins-sox/lib/sox-14.4.2-android/missing automake-1.14'
AWK='awk'
CC='/Users/lerg/ext/android-ndk-r18b/toolchains/aarch64-linux-android-4.9/prebuilt/darwin-x86_64/bin/aarch64-linux-android-gcc'
CCDEPMODE=''
CFLAGS='-fPIC -DANDROID -ffunction-sections -funwind-tables -fstack-protector -fomit-frame-pointer -fstrict-aliasing'
COREAUDIO_CFLAGS=''
COREAUDIO_LIBS=''
CPP='/Users/lerg/ext/android-ndk-r18b/toolchains/aarch64-linux-android-4.9/prebuilt/darwin-x86_64/bin/aarch64-linux-android-cpp'
CPPFLAGS='-DANDROID'
CYGPATH_W='echo'
DEFS=''
DEPDIR=''
DISTRO=''
DLLTOOL=''
DSYMUTIL=''
DUMPBIN=''
ECHO_C='\c'
ECHO_N=''
ECHO_T=''
EGREP=''
EXEEXT=''
EXTERNAL_GSM_FALSE=''
EXTERNAL_GSM_TRUE=''
EXTERNAL_LPC10_FALSE=''
EXTERNAL_LPC10_TRUE=''
FGREP=''
FLAC_CFLAGS=''
FLAC_LIBS=''
GOMP_LIBS=''
GREP=''
GSM_CFLAGS=''
GSM_LIBS=''
HAVE_ALSA_FALSE=''
HAVE_ALSA_TRUE=''
HAVE_AMRNB_FALSE=''
HAVE_AMRNB_TRUE=''
HAVE_AMRWB_FALSE=''
HAVE_AMRWB_TRUE=''
HAVE_AO_FALSE=''
HAVE_AO_TRUE=''
HAVE_COREAUDIO_FALSE=''
HAVE_COREAUDIO_TRUE=''
HAVE_DISTRO_FALSE=''
HAVE_DISTRO_TRUE=''
HAVE_FLAC_FALSE=''
HAVE_FLAC_TRUE=''
HAVE_GSM_FALSE=''
HAVE_GSM_TRUE=''
HAVE_ID3TAG_FALSE=''
HAVE_ID3TAG_TRUE=''
HAVE_LIBLTDL_FALSE=''
HAVE_LIBLTDL_TRUE=''
HAVE_LPC10_FALSE=''
HAVE_LPC10_TRUE=''
HAVE_MAGIC_FALSE=''
HAVE_MAGIC_TRUE=''
HAVE_MP3_FALSE=''
HAVE_MP3_TRUE=''
HAVE_OGG_VORBIS_FALSE=''
HAVE_OGG_VORBIS_TRUE=''
HAVE_OPUS_FALSE=''
HAVE_OPUS_TRUE=''
HAVE_OSS_FALSE=''
HAVE_OSS_TRUE=''
HAVE_PKGCONFIG_FALSE=''
HAVE_PKGCONFIG_TRUE=''
HAVE_PNG_FALSE=''
HAVE_PNG_TRUE=''
HAVE_PULSEAUDIO_FALSE=''
HAVE_PULSEAUDIO_TRUE=''
HAVE_SNDFILE_FALSE=''
HAVE_SNDFILE_TRUE=''
HAVE_SNDIO_FALSE=''
HAVE_SNDIO_TRUE=''
HAVE_SUN_AUDIO_FALSE=''
HAVE_SUN_AUDIO_TRUE=''
HAVE_WAVEAUDIO_FALSE=''
HAVE_WAVEAUDIO_TRUE=''
HAVE_WAVPACK_FALSE=''
HAVE_WAVPACK_TRUE=''
HAVE_WIN32_GLOB_FALSE=''
HAVE_WIN32_GLOB_TRUE=''
HAVE_WIN32_LTDL_FALSE=''
HAVE_WIN32_LTDL_TRUE=''
INSTALL_DATA='${INSTALL} -m 644'
INSTALL_PROGRAM='${INSTALL}'
INSTALL_SCRIPT='${INSTALL}'
INSTALL_STRIP_PROGRAM='$(install_sh) -c -s'
LADSPA_PATH=''
LD='/Users/lerg/ext/android-ndk-r18b/toolchains/aarch64-linux-android-4.9/prebuilt/darwin-x86_64/bin/aarch64-linux-android-ld'
LDFLAGS=''
LIBGSM_LIBADD=''
LIBLPC10_LIBADD=''
LIBLTDL=''
LIBOBJS=''
LIBS=''
LIBTOOL=''
LIBTOOLFLAGS=''
LIBTOOL_DEPS=''
LIPO=''
LN_S=''
LPC10_CFLAGS=''
LPC10_LIBS=''
LTLIBOBJS=''
MAGIC_LIBS=''
MAKEINFO='${SHELL} /Users/lerg/ext/code/plugins-sox/lib/sox-14.4.2-android/missing makeinfo'
MANIFEST_TOOL=''
MKDIR_P='./install-sh -c -d'
MP3_CFLAGS=''
MP3_LIBS=''
NM=''
NMEDIT=''
OBJDUMP=''
OBJEXT=''
OGG_VORBIS_CFLAGS=''
OGG_VORBIS_LIBS=''
OPENMP_CFLAGS=''
OPUS_CFLAGS=''
OPUS_LIBS=''
OSS_CFLAGS=''
OSS_LIBS=''
OTOOL64=''
OTOOL=''
PACKAGE='sox'
PACKAGE_BUGREPORT='sox-devel@lists.sourceforge.net'
PACKAGE_NAME='SoX'
PACKAGE_STRING='SoX 14.4.2'
PACKAGE_TARNAME='sox'
PACKAGE_URL=''
PACKAGE_VERSION='14.4.2'
PATH_SEPARATOR=':'
PKGCONFIGDIR=''
PKG_CONFIG=''
PKG_CONFIG_LIBDIR=''
PKG_CONFIG_PATH=''
PLAYRECLINKS=''
PNG_LIBS=''
PULSEAUDIO_CFLAGS=''
PULSEAUDIO_LIBS=''
RANLIB='/Users/lerg/ext/android-ndk-r18b/toolchains/aarch64-linux-android-4.9/prebuilt/darwin-x86_64/bin/aarch64-linux-android-ranlib'
SED=''
SET_MAKE=''
SHELL='/bin/sh'
SHLIB_VERSION=''
SNDFILE_CFLAGS=''
SNDFILE_LIBS=''
SNDIO_CFLAGS=''
SNDIO_LIBS=''
STATIC_ALSA_FALSE=''
STATIC_ALSA_TRUE=''
STATIC_AMRNB_FALSE=''
STATIC_AMRNB_TRUE=''
STATIC_AMRWB_FALSE=''
STATIC_AMRWB_TRUE=''
STATIC_AO_FALSE=''
STATIC_AO_TRUE=''
STATIC_COREAUDIO_FALSE=''
STATIC_COREAUDIO_TRUE=''
STATIC_FLAC_FALSE=''
STATIC_FLAC_TRUE=''
STATIC_GSM_FALSE=''
STATIC_GSM_TRUE=''
STATIC_LIBSOX_ONLY_FALSE=''
STATIC_LIBSOX_ONLY_TRUE=''
STATIC_LPC10_FALSE=''
STATIC_LPC10_TRUE=''
STATIC_MP3_FALSE=''
STATIC_MP3_TRUE=''
STATIC_OGG_VORBIS_FALSE=''
STATIC_OGG_VORBIS_TRUE=''
STATIC_OPUS_FALSE=''
STATIC_OPUS_TRUE=''
STATIC_OSS_FALSE=''
STATIC_OSS_TRUE=''
STATIC_PULSEAUDIO_FALSE=''
STATIC_PULSEAUDIO_TRUE=''
STATIC_SNDFILE_FALSE=''
STATIC_SNDFILE_TRUE=''
STATIC_SNDIO_FALSE=''
STATIC_SNDIO_TRUE=''
STATIC_SUN_AUDIO_FALSE=''
STATIC_SUN_AUDIO_TRUE=''
STATIC_WAVEAUDIO_FALSE=''
STATIC_WAVEAUDIO_TRUE=''
STATIC_WAVPACK_FALSE=''
STATIC_WAVPACK_TRUE=''
STRIP='/Users/lerg/ext/android-ndk-r18b/toolchains/aarch64-linux-android-4.9/prebuilt/darwin-x86_64/bin/aarch64-linux-android-strip'
SUN_AUDIO_CFLAGS=''
SUN_AUDIO_LIBS=''
SYMLINKS=''
VERSION='14.4.2'
WARN_CFLAGS=''
WAVEAUDIO_CFLAGS=''
WAVEAUDIO_LIBS=''
WAVPACK_CFLAGS=''
WAVPACK_LIBS=''
ac_ct_AR=''
ac_ct_CC=''
ac_ct_DUMPBIN=''
am__EXEEXT_FALSE=''
am__EXEEXT_TRUE=''
am__fastdepCC_FALSE=''
am__fastdepCC_TRUE=''
am__include=''
am__isrc=''
am__leading_dot='.'
am__nodep=''
am__quote=''
am__tar='$${TAR-tar} chof - "$$tardir"'
am__untar='$${TAR-tar} xf -'
bindir='${exec_prefix}/bin'
build='x86_64-apple-darwin19.6.0'
build_alias=''
build_cpu='x86_64'
build_os='darwin19.6.0'
build_vendor='apple'
datadir='${datarootdir}'
datarootdir='${prefix}/share'
docdir='${datarootdir}/doc/${PACKAGE_TARNAME}'
dvidir='${docdir}'
exec_prefix='NONE'
host='aarch64-unknown-linux-android'
host_alias='aarch64-linux-android'
host_cpu='aarch64'
host_os='linux-android'
host_vendor='unknown'
htmldir='${docdir}'
includedir='${prefix}/include'
infodir='${datarootdir}/info'
install_sh='${SHELL} /Users/lerg/ext/code/plugins-sox/lib/sox-14.4.2-android/install-sh'
libdir='${exec_prefix}/lib'
libexecdir='${exec_prefix}/libexec'
localedir='${datarootdir}/locale'
localstatedir='${prefix}/var'
mandir='${datarootdir}/man'
mkdir_p='$(MKDIR_P)'
oldincludedir='/usr/include'
pdfdir='${docdir}'
prefix='NONE'
program_transform_name='s,x,x,'
psdir='${docdir}'
sbindir='${exec_prefix}/sbin'
sharedstatedir='${prefix}/com'
sysconfdir='${prefix}/etc'
target='aarch64-unknown-linux-android'
target_alias=''
target_cpu='aarch64'
target_os='linux-android'
target_vendor='unknown'

## ----------- ##
## confdefs.h. ##
## ----------- ##

/* confdefs.h */
#define PACKAGE_NAME "SoX"
#define PACKAGE_TARNAME "sox"
#define PACKAGE_VERSION "14.4.2"
#define PACKAGE_STRING "SoX 14.4.2"
#define PACKAGE_BUGREPORT "sox-devel@lists.sourceforge.net"
#define PACKAGE_URL ""
#define PACKAGE "sox"
#define VERSION "14.4.2"

configure: exit 77
